<?xml version="1.0" encoding="UTF-8"?>
<!-- Generated by org.testng.reporters.JUnitXMLReporter -->
<testsuite hostname="WINCTRL-UDJN0DO" name="Default test" tests="3" failures="0" timestamp="15 Apr 2019 13:45:27 GMT" time="53.563" errors="0">
  <testcase name="editEmp" time="0.117" classname="datadriven123.Testng"/>
  <testcase name="verifyLogin" time="0.015" classname="datadriven123.Testng"/>
  <testcase name="addEmp" time="22.955" classname="datadriven123.Testng"/>
</testsuite> <!-- Default test -->
